03/01 18:30:35:628 [restartedMain] INFO  com.example.emsapi.EmsApiApplication - Starting EmsApiApplication using Java 20.0.1 with PID 19248 (C:\Users\Gaurav\Desktop\Web dev 830\EMS\ems-api\target\classes started by Gaurav in C:\Users\Gaurav\Desktop\Web dev 830\EMS\ems-api)
03/01 18:30:35:630 [restartedMain] INFO  com.example.emsapi.EmsApiApplication - No active profile set, falling back to 1 default profile: "default"
03/01 18:30:35:711 [restartedMain] INFO  org.springframework.boot.devtools.env.DevToolsPropertyDefaultsPostProcessor - Devtools property defaults active! Set 'spring.devtools.add-properties' to 'false' to disable
03/01 18:30:35:712 [restartedMain] INFO  org.springframework.boot.devtools.env.DevToolsPropertyDefaultsPostProcessor - For additional web related logging consider setting the 'logging.level.web' property to 'DEBUG'
03/01 18:30:37:421 [restartedMain] INFO  org.springframework.data.repository.config.RepositoryConfigurationDelegate - Bootstrapping Spring Data JPA repositories in DEFAULT mode.
03/01 18:30:37:551 [restartedMain] INFO  org.springframework.data.repository.config.RepositoryConfigurationDelegate - Finished Spring Data repository scanning in 117 ms. Found 1 JPA repository interface.
03/01 18:30:39:092 [restartedMain] INFO  org.springframework.boot.web.embedded.tomcat.TomcatWebServer - Tomcat initialized with port 8081 (http)
03/01 18:30:39:108 [restartedMain] INFO  org.apache.coyote.http11.Http11NioProtocol - Initializing ProtocolHandler ["http-nio-8081"]
03/01 18:30:39:111 [restartedMain] INFO  org.apache.catalina.core.StandardService - Starting service [Tomcat]
03/01 18:30:39:112 [restartedMain] INFO  org.apache.catalina.core.StandardEngine - Starting Servlet engine: [Apache Tomcat/10.1.18]
03/01 18:30:39:189 [restartedMain] INFO  org.apache.catalina.core.ContainerBase.[Tomcat].[localhost].[/] - Initializing Spring embedded WebApplicationContext
03/01 18:30:39:191 [restartedMain] INFO  org.springframework.boot.web.servlet.context.ServletWebServerApplicationContext - Root WebApplicationContext: initialization completed in 3476 ms
03/01 18:30:39:782 [restartedMain] INFO  org.hibernate.jpa.internal.util.LogHelper - HHH000204: Processing PersistenceUnitInfo [name: default]
03/01 18:30:39:897 [restartedMain] INFO  org.hibernate.Version - HHH000412: Hibernate ORM core version 6.4.1.Final
03/01 18:30:39:963 [restartedMain] INFO  org.hibernate.cache.internal.RegionFactoryInitiator - HHH000026: Second-level cache disabled
03/01 18:30:40:345 [restartedMain] INFO  org.springframework.orm.jpa.persistenceunit.SpringPersistenceUnitInfo - No LoadTimeWeaver setup: ignoring JPA class transformer
03/01 18:30:40:464 [restartedMain] INFO  com.zaxxer.hikari.HikariDataSource - HikariPool-1 - Starting...
03/01 18:30:40:915 [restartedMain] INFO  com.zaxxer.hikari.pool.HikariPool - HikariPool-1 - Added connection com.mysql.cj.jdbc.ConnectionImpl@12458b04
03/01 18:30:40:918 [restartedMain] INFO  com.zaxxer.hikari.HikariDataSource - HikariPool-1 - Start completed.
03/01 18:30:40:980 [restartedMain] WARN  org.hibernate.dialect.Dialect - HHH000511: The 5.5.0 version for [org.hibernate.dialect.MySQLDialect] is no longer supported, hence certain features may not work properly. The minimum supported version is 8.0.0. Check the community dialects project for available legacy versions.
03/01 18:30:40:988 [restartedMain] WARN  org.hibernate.orm.deprecation - HHH90000025: MySQLDialect does not need to be specified explicitly using 'hibernate.dialect' (remove the property setting and it will be selected by default)
03/01 18:30:42:792 [restartedMain] INFO  org.hibernate.engine.transaction.jta.platform.internal.JtaPlatformInitiator - HHH000489: No JTA platform available (set 'hibernate.transaction.jta.platform' to enable JTA platform integration)
03/01 18:30:43:782 [restartedMain] INFO  org.springframework.orm.jpa.LocalContainerEntityManagerFactoryBean - Initialized JPA EntityManagerFactory for persistence unit 'default'
03/01 18:30:46:090 [restartedMain] WARN  org.springframework.boot.autoconfigure.orm.jpa.JpaBaseConfiguration$JpaWebConfiguration - spring.jpa.open-in-view is enabled by default. Therefore, database queries may be performed during view rendering. Explicitly configure spring.jpa.open-in-view to disable this warning
03/01 18:30:52:992 [restartedMain] WARN  org.springframework.boot.autoconfigure.security.servlet.UserDetailsServiceAutoConfiguration - 

Using generated security password: 1c82b323-ae85-4168-a14c-5949f52fa160

This generated password is for development use only. Your security configuration must be updated before running your application in production.

03/01 18:30:53:488 [restartedMain] INFO  org.springframework.boot.actuate.endpoint.web.EndpointLinksResolver - Exposing 1 endpoint beneath base path '/actuator'
03/01 18:30:53:598 [restartedMain] INFO  org.springframework.security.web.DefaultSecurityFilterChain - Will secure any request with [org.springframework.security.web.session.DisableEncodeUrlFilter@5e7d759d, org.springframework.security.web.context.request.async.WebAsyncManagerIntegrationFilter@1cd28644, org.springframework.security.web.context.SecurityContextHolderFilter@b3ef8bf, org.springframework.security.web.header.HeaderWriterFilter@144f1bc, org.springframework.web.filter.CorsFilter@28a136ad, org.springframework.security.web.csrf.CsrfFilter@42a604a7, org.springframework.security.web.authentication.logout.LogoutFilter@148e324d, org.springframework.security.web.authentication.UsernamePasswordAuthenticationFilter@493f9d3f, org.springframework.security.web.authentication.ui.DefaultLoginPageGeneratingFilter@1000e227, org.springframework.security.web.authentication.ui.DefaultLogoutPageGeneratingFilter@166f6a96, org.springframework.security.web.authentication.www.BasicAuthenticationFilter@1372767a, org.springframework.security.web.savedrequest.RequestCacheAwareFilter@7f9b808e, org.springframework.security.web.servletapi.SecurityContextHolderAwareRequestFilter@12dc2271, org.springframework.security.web.authentication.AnonymousAuthenticationFilter@238b345b, org.springframework.security.web.access.ExceptionTranslationFilter@69fdf324, org.springframework.security.web.access.intercept.AuthorizationFilter@5457399f]
03/01 18:30:54:066 [restartedMain] WARN  org.springframework.boot.autoconfigure.freemarker.FreeMarkerAutoConfiguration - Cannot find template location: [classpath:/templates/] (please add some templates, check your FreeMarker configuration, or set spring.freemarker.check-template-location=false)
03/01 18:30:54:609 [restartedMain] INFO  org.springframework.boot.devtools.autoconfigure.OptionalLiveReloadServer - LiveReload server is running on port 35729
03/01 18:30:54:814 [restartedMain] INFO  org.apache.coyote.http11.Http11NioProtocol - Starting ProtocolHandler ["http-nio-8081"]
03/01 18:30:54:879 [restartedMain] INFO  org.springframework.boot.web.embedded.tomcat.TomcatWebServer - Tomcat started on port 8081 (http) with context path '/'
03/01 18:30:54:956 [restartedMain] INFO  com.example.emsapi.EmsApiApplication - Started EmsApiApplication in 19.872 seconds (process running for 21.053)
03/01 18:31:13:387 [http-nio-8081-exec-1] INFO  org.apache.catalina.core.ContainerBase.[Tomcat].[localhost].[/] - Initializing Spring DispatcherServlet 'dispatcherServlet'
03/01 18:31:13:387 [http-nio-8081-exec-1] INFO  org.springframework.web.servlet.DispatcherServlet - Initializing Servlet 'dispatcherServlet'
03/01 18:31:13:391 [http-nio-8081-exec-1] INFO  org.springframework.web.servlet.DispatcherServlet - Completed initialization in 4 ms
03/01 18:31:30:324 [File Watcher] INFO  org.springframework.boot.devtools.autoconfigure.LocalDevToolsAutoConfiguration$RestartingClassPathChangeChangedEventListener - Restarting due to 2 class path changes (0 additions, 1 deletion, 1 modification)
03/01 18:31:30:333 [Thread-5] INFO  org.apache.coyote.http11.Http11NioProtocol - Stopping ProtocolHandler ["http-nio-8081"]
03/01 18:31:30:349 [Thread-5] INFO  org.springframework.orm.jpa.LocalContainerEntityManagerFactoryBean - Closing JPA EntityManagerFactory for persistence unit 'default'
03/01 18:31:30:355 [Thread-5] INFO  com.zaxxer.hikari.HikariDataSource - HikariPool-1 - Shutdown initiated...
03/01 18:31:30:370 [Thread-5] INFO  com.zaxxer.hikari.HikariDataSource - HikariPool-1 - Shutdown completed.
03/01 18:31:30:567 [restartedMain] INFO  com.example.emsapi.EmsApiApplication - Starting EmsApiApplication using Java 20.0.1 with PID 19248 (C:\Users\Gaurav\Desktop\Web dev 830\EMS\ems-api\target\classes started by Gaurav in C:\Users\Gaurav\Desktop\Web dev 830\EMS\ems-api)
03/01 18:31:30:568 [restartedMain] INFO  com.example.emsapi.EmsApiApplication - No active profile set, falling back to 1 default profile: "default"
03/01 18:31:31:560 [restartedMain] INFO  org.springframework.data.repository.config.RepositoryConfigurationDelegate - Bootstrapping Spring Data JPA repositories in DEFAULT mode.
03/01 18:31:31:575 [restartedMain] INFO  org.springframework.data.repository.config.RepositoryConfigurationDelegate - Finished Spring Data repository scanning in 13 ms. Found 1 JPA repository interface.
03/01 18:31:31:889 [restartedMain] INFO  org.springframework.boot.web.embedded.tomcat.TomcatWebServer - Tomcat initialized with port 8081 (http)
03/01 18:31:31:890 [restartedMain] INFO  org.apache.coyote.http11.Http11NioProtocol - Initializing ProtocolHandler ["http-nio-8081"]
03/01 18:31:31:891 [restartedMain] INFO  org.apache.catalina.core.StandardService - Starting service [Tomcat]
03/01 18:31:31:891 [restartedMain] INFO  org.apache.catalina.core.StandardEngine - Starting Servlet engine: [Apache Tomcat/10.1.18]
03/01 18:31:31:929 [restartedMain] INFO  org.apache.catalina.core.ContainerBase.[Tomcat].[localhost].[/] - Initializing Spring embedded WebApplicationContext
03/01 18:31:31:929 [restartedMain] INFO  org.springframework.boot.web.servlet.context.ServletWebServerApplicationContext - Root WebApplicationContext: initialization completed in 1355 ms
03/01 18:31:32:286 [restartedMain] INFO  org.hibernate.jpa.internal.util.LogHelper - HHH000204: Processing PersistenceUnitInfo [name: default]
03/01 18:31:32:296 [restartedMain] INFO  org.hibernate.cache.internal.RegionFactoryInitiator - HHH000026: Second-level cache disabled
03/01 18:31:32:309 [restartedMain] INFO  org.springframework.orm.jpa.persistenceunit.SpringPersistenceUnitInfo - No LoadTimeWeaver setup: ignoring JPA class transformer
03/01 18:31:32:315 [restartedMain] INFO  com.zaxxer.hikari.HikariDataSource - HikariPool-2 - Starting...
03/01 18:31:32:336 [restartedMain] INFO  com.zaxxer.hikari.pool.HikariPool - HikariPool-2 - Added connection com.mysql.cj.jdbc.ConnectionImpl@6b1cf88c
03/01 18:31:32:338 [restartedMain] INFO  com.zaxxer.hikari.HikariDataSource - HikariPool-2 - Start completed.
03/01 18:31:32:342 [restartedMain] WARN  org.hibernate.dialect.Dialect - HHH000511: The 5.5.0 version for [org.hibernate.dialect.MySQLDialect] is no longer supported, hence certain features may not work properly. The minimum supported version is 8.0.0. Check the community dialects project for available legacy versions.
03/01 18:31:32:344 [restartedMain] WARN  org.hibernate.orm.deprecation - HHH90000025: MySQLDialect does not need to be specified explicitly using 'hibernate.dialect' (remove the property setting and it will be selected by default)
03/01 18:31:32:421 [restartedMain] INFO  org.hibernate.engine.transaction.jta.platform.internal.JtaPlatformInitiator - HHH000489: No JTA platform available (set 'hibernate.transaction.jta.platform' to enable JTA platform integration)
03/01 18:31:32:455 [restartedMain] INFO  org.springframework.orm.jpa.LocalContainerEntityManagerFactoryBean - Initialized JPA EntityManagerFactory for persistence unit 'default'
03/01 18:31:32:683 [restartedMain] WARN  org.springframework.boot.autoconfigure.orm.jpa.JpaBaseConfiguration$JpaWebConfiguration - spring.jpa.open-in-view is enabled by default. Therefore, database queries may be performed during view rendering. Explicitly configure spring.jpa.open-in-view to disable this warning
03/01 18:31:33:871 [restartedMain] WARN  org.springframework.boot.autoconfigure.security.servlet.UserDetailsServiceAutoConfiguration - 

Using generated security password: c7567a69-bb91-40e1-9a52-17b477005e04

This generated password is for development use only. Your security configuration must be updated before running your application in production.

03/01 18:31:33:916 [restartedMain] INFO  org.springframework.security.web.DefaultSecurityFilterChain - Will secure any request with [org.springframework.security.web.session.DisableEncodeUrlFilter@622f274f, org.springframework.security.web.context.request.async.WebAsyncManagerIntegrationFilter@3deaef30, org.springframework.security.web.context.SecurityContextHolderFilter@686f539b, org.springframework.security.web.header.HeaderWriterFilter@3f1e395d, org.springframework.web.filter.CorsFilter@4541b82f, org.springframework.security.web.csrf.CsrfFilter@70ff75be, org.springframework.security.web.authentication.logout.LogoutFilter@10f2e077, org.springframework.security.web.authentication.UsernamePasswordAuthenticationFilter@15db6c3a, org.springframework.security.web.authentication.ui.DefaultLoginPageGeneratingFilter@626eb4c7, org.springframework.security.web.authentication.ui.DefaultLogoutPageGeneratingFilter@5993b0dc, org.springframework.security.web.authentication.www.BasicAuthenticationFilter@10e9ee74, org.springframework.security.web.savedrequest.RequestCacheAwareFilter@f298b8c, org.springframework.security.web.servletapi.SecurityContextHolderAwareRequestFilter@24d5c837, org.springframework.security.web.authentication.AnonymousAuthenticationFilter@421de1fe, org.springframework.security.web.access.ExceptionTranslationFilter@50694602, org.springframework.security.web.access.intercept.AuthorizationFilter@535bc29a]
03/01 18:31:33:954 [restartedMain] WARN  org.springframework.boot.autoconfigure.freemarker.FreeMarkerAutoConfiguration - Cannot find template location: [classpath:/templates/] (please add some templates, check your FreeMarker configuration, or set spring.freemarker.check-template-location=false)
03/01 18:31:33:987 [restartedMain] INFO  org.springframework.boot.actuate.endpoint.web.EndpointLinksResolver - Exposing 1 endpoint beneath base path '/actuator'
03/01 18:31:34:040 [restartedMain] INFO  org.springframework.boot.devtools.autoconfigure.OptionalLiveReloadServer - LiveReload server is running on port 35729
03/01 18:31:34:064 [restartedMain] INFO  org.apache.coyote.http11.Http11NioProtocol - Starting ProtocolHandler ["http-nio-8081"]
03/01 18:31:34:068 [restartedMain] INFO  org.springframework.boot.web.embedded.tomcat.TomcatWebServer - Tomcat started on port 8081 (http) with context path '/'
03/01 18:31:34:080 [restartedMain] INFO  com.example.emsapi.EmsApiApplication - Started EmsApiApplication in 3.564 seconds (process running for 60.178)
03/01 18:31:34:089 [restartedMain] INFO  org.springframework.boot.devtools.autoconfigure.ConditionEvaluationDeltaLoggingListener - Condition evaluation delta:


==========================
CONDITION EVALUATION DELTA
==========================


Positive matches:
-----------------

    None


Negative matches:
-----------------

   WebMvcAutoConfiguration:
      Did not match:
         - @ConditionalOnMissingBean (types: org.springframework.web.servlet.config.annotation.WebMvcConfigurationSupport; SearchStrategy: all) found beans of type 'org.springframework.web.servlet.config.annotation.WebMvcConfigurationSupport' org.springframework.web.servlet.config.annotation.DelegatingWebMvcConfiguration (OnBeanCondition)
      Matched:
         - @ConditionalOnClass found required classes 'jakarta.servlet.Servlet', 'org.springframework.web.servlet.DispatcherServlet', 'org.springframework.web.servlet.config.annotation.WebMvcConfigurer' (OnClassCondition)
         - found 'session' scope (OnWebApplicationCondition)

   WebMvcAutoConfiguration.ResourceChainCustomizerConfiguration:
      Did not match:
         - Ancestor org.springframework.boot.autoconfigure.web.servlet.WebMvcAutoConfiguration did not match (ConditionEvaluationReport.AncestorsMatchedCondition)
      Matched:
         - @ConditionalOnEnabledResourceChain found class org.webjars.WebJarAssetLocator (OnEnabledResourceChainCondition)


Exclusions:
-----------

    None


Unconditional classes:
----------------------

    None



03/01 18:31:35:544 [File Watcher] INFO  org.springframework.boot.devtools.autoconfigure.LocalDevToolsAutoConfiguration$RestartingClassPathChangeChangedEventListener - Restarting due to 1 class path change (0 additions, 0 deletions, 1 modification)
03/01 18:31:35:547 [Thread-7] INFO  org.apache.coyote.http11.Http11NioProtocol - Stopping ProtocolHandler ["http-nio-8081"]
03/01 18:31:35:565 [Thread-7] INFO  org.springframework.orm.jpa.LocalContainerEntityManagerFactoryBean - Closing JPA EntityManagerFactory for persistence unit 'default'
03/01 18:31:35:566 [Thread-7] INFO  com.zaxxer.hikari.HikariDataSource - HikariPool-2 - Shutdown initiated...
03/01 18:31:35:572 [Thread-7] INFO  com.zaxxer.hikari.HikariDataSource - HikariPool-2 - Shutdown completed.
03/01 18:31:35:840 [restartedMain] INFO  com.example.emsapi.EmsApiApplication - Starting EmsApiApplication using Java 20.0.1 with PID 19248 (C:\Users\Gaurav\Desktop\Web dev 830\EMS\ems-api\target\classes started by Gaurav in C:\Users\Gaurav\Desktop\Web dev 830\EMS\ems-api)
03/01 18:31:35:841 [restartedMain] INFO  com.example.emsapi.EmsApiApplication - No active profile set, falling back to 1 default profile: "default"
03/01 18:31:36:284 [restartedMain] INFO  org.springframework.data.repository.config.RepositoryConfigurationDelegate - Bootstrapping Spring Data JPA repositories in DEFAULT mode.
03/01 18:31:36:295 [restartedMain] INFO  org.springframework.data.repository.config.RepositoryConfigurationDelegate - Finished Spring Data repository scanning in 10 ms. Found 1 JPA repository interface.
03/01 18:31:36:511 [restartedMain] INFO  org.springframework.boot.web.embedded.tomcat.TomcatWebServer - Tomcat initialized with port 8081 (http)
03/01 18:31:36:514 [restartedMain] INFO  org.apache.coyote.http11.Http11NioProtocol - Initializing ProtocolHandler ["http-nio-8081"]
03/01 18:31:36:515 [restartedMain] INFO  org.apache.catalina.core.StandardService - Starting service [Tomcat]
03/01 18:31:36:515 [restartedMain] INFO  org.apache.catalina.core.StandardEngine - Starting Servlet engine: [Apache Tomcat/10.1.18]
03/01 18:31:36:553 [restartedMain] INFO  org.apache.catalina.core.ContainerBase.[Tomcat].[localhost].[/] - Initializing Spring embedded WebApplicationContext
03/01 18:31:36:554 [restartedMain] INFO  org.springframework.boot.web.servlet.context.ServletWebServerApplicationContext - Root WebApplicationContext: initialization completed in 709 ms
03/01 18:31:36:805 [restartedMain] INFO  org.hibernate.jpa.internal.util.LogHelper - HHH000204: Processing PersistenceUnitInfo [name: default]
03/01 18:31:36:831 [restartedMain] INFO  org.hibernate.cache.internal.RegionFactoryInitiator - HHH000026: Second-level cache disabled
03/01 18:31:36:841 [restartedMain] INFO  org.springframework.orm.jpa.persistenceunit.SpringPersistenceUnitInfo - No LoadTimeWeaver setup: ignoring JPA class transformer
03/01 18:31:36:853 [restartedMain] INFO  com.zaxxer.hikari.HikariDataSource - HikariPool-3 - Starting...
03/01 18:31:36:868 [restartedMain] INFO  com.zaxxer.hikari.pool.HikariPool - HikariPool-3 - Added connection com.mysql.cj.jdbc.ConnectionImpl@d5aa1c1
03/01 18:31:36:869 [restartedMain] INFO  com.zaxxer.hikari.HikariDataSource - HikariPool-3 - Start completed.
03/01 18:31:36:871 [restartedMain] WARN  org.hibernate.dialect.Dialect - HHH000511: The 5.5.0 version for [org.hibernate.dialect.MySQLDialect] is no longer supported, hence certain features may not work properly. The minimum supported version is 8.0.0. Check the community dialects project for available legacy versions.
03/01 18:31:36:872 [restartedMain] WARN  org.hibernate.orm.deprecation - HHH90000025: MySQLDialect does not need to be specified explicitly using 'hibernate.dialect' (remove the property setting and it will be selected by default)
03/01 18:31:36:975 [restartedMain] INFO  org.hibernate.engine.transaction.jta.platform.internal.JtaPlatformInitiator - HHH000489: No JTA platform available (set 'hibernate.transaction.jta.platform' to enable JTA platform integration)
03/01 18:31:37:054 [restartedMain] INFO  org.springframework.orm.jpa.LocalContainerEntityManagerFactoryBean - Initialized JPA EntityManagerFactory for persistence unit 'default'
03/01 18:31:37:258 [restartedMain] WARN  org.springframework.boot.autoconfigure.orm.jpa.JpaBaseConfiguration$JpaWebConfiguration - spring.jpa.open-in-view is enabled by default. Therefore, database queries may be performed during view rendering. Explicitly configure spring.jpa.open-in-view to disable this warning
03/01 18:31:38:100 [restartedMain] WARN  org.springframework.boot.autoconfigure.security.servlet.UserDetailsServiceAutoConfiguration - 

Using generated security password: 0507e654-20a9-42d4-a4a9-ad47493a2936

This generated password is for development use only. Your security configuration must be updated before running your application in production.

03/01 18:31:38:142 [restartedMain] INFO  org.springframework.security.web.DefaultSecurityFilterChain - Will secure any request with [org.springframework.security.web.session.DisableEncodeUrlFilter@ec1ecca, org.springframework.security.web.context.request.async.WebAsyncManagerIntegrationFilter@491be432, org.springframework.security.web.context.SecurityContextHolderFilter@71099611, org.springframework.security.web.header.HeaderWriterFilter@cd998d6, org.springframework.web.filter.CorsFilter@26588a7c, org.springframework.security.web.csrf.CsrfFilter@5c16b05b, org.springframework.security.web.authentication.logout.LogoutFilter@32a461b6, org.springframework.security.web.authentication.UsernamePasswordAuthenticationFilter@222abcf, org.springframework.security.web.authentication.ui.DefaultLoginPageGeneratingFilter@64a5a173, org.springframework.security.web.authentication.ui.DefaultLogoutPageGeneratingFilter@2a3e70a6, org.springframework.security.web.authentication.www.BasicAuthenticationFilter@63834b4, org.springframework.security.web.savedrequest.RequestCacheAwareFilter@ea1538a, org.springframework.security.web.servletapi.SecurityContextHolderAwareRequestFilter@358723f, org.springframework.security.web.authentication.AnonymousAuthenticationFilter@2b987e97, org.springframework.security.web.access.ExceptionTranslationFilter@3024baa6, org.springframework.security.web.access.intercept.AuthorizationFilter@d01f5ce]
03/01 18:31:38:189 [restartedMain] WARN  org.springframework.boot.autoconfigure.freemarker.FreeMarkerAutoConfiguration - Cannot find template location: [classpath:/templates/] (please add some templates, check your FreeMarker configuration, or set spring.freemarker.check-template-location=false)
03/01 18:31:38:230 [restartedMain] INFO  org.springframework.boot.actuate.endpoint.web.EndpointLinksResolver - Exposing 1 endpoint beneath base path '/actuator'
03/01 18:31:38:272 [restartedMain] INFO  org.springframework.boot.devtools.autoconfigure.OptionalLiveReloadServer - LiveReload server is running on port 35729
03/01 18:31:38:290 [restartedMain] INFO  org.apache.coyote.http11.Http11NioProtocol - Starting ProtocolHandler ["http-nio-8081"]
03/01 18:31:38:293 [restartedMain] INFO  org.springframework.boot.web.embedded.tomcat.TomcatWebServer - Tomcat started on port 8081 (http) with context path '/'
03/01 18:31:38:304 [restartedMain] INFO  com.example.emsapi.EmsApiApplication - Started EmsApiApplication in 2.587 seconds (process running for 64.402)
03/01 18:31:38:308 [restartedMain] INFO  org.springframework.boot.devtools.autoconfigure.ConditionEvaluationDeltaLoggingListener - Condition evaluation unchanged
03/01 18:31:41:803 [http-nio-8081-exec-1] INFO  org.apache.catalina.core.ContainerBase.[Tomcat].[localhost].[/] - Initializing Spring DispatcherServlet 'dispatcherServlet'
03/01 18:31:41:803 [http-nio-8081-exec-1] INFO  org.springframework.web.servlet.DispatcherServlet - Initializing Servlet 'dispatcherServlet'
03/01 18:31:41:808 [http-nio-8081-exec-1] INFO  org.springframework.web.servlet.DispatcherServlet - Completed initialization in 5 ms
